Base path: /Applications/Unity/Unity.app/Contents
Pipe name: \\.\pipe\UnityShaderCompiler-1--1594064428
Cmd: getPlatforms
Cmd: compileSnippet
  api=0 type=0 insize=6703 outsize=7486 kw=DIRECTIONAL ok=1
Cmd: compileSnippet
  api=0 type=1 insize=6703 outsize=824 kw=DIRECTIONAL ok=1
Cmd: preprocess
  insize=7421 outsize=915 ok=1
Cmd: compileSnippet
  api=0 type=0 insize=11526 outsize=7901 kw=DIRECTIONAL SHADOWS_OFF LIGHTMAP_OFF DIRLIGHTMAP_OFF ok=1
Cmd: compileSnippet
  api=0 type=1 insize=11526 outsize=872 kw=DIRECTIONAL SHADOWS_OFF LIGHTMAP_OFF DIRLIGHTMAP_OFF ok=1
Cmd: compileSnippet
  api=0 type=0 insize=9369 outsize=7714 kw=POINT ok=1
Cmd: compileSnippet
  api=0 type=1 insize=9369 outsize=1001 kw=POINT ok=1
Cmd: compileSnippet
  api=0 type=0 insize=11526 outsize=8512 kw=DIRECTIONAL SHADOWS_OFF LIGHTMAP_OFF DIRLIGHTMAP_OFF VERTEXLIGHT_ON ok=1
Cmd: compileSnippet
  api=0 type=0 insize=9369 outsize=7486 kw=DIRECTIONAL ok=1
Cmd: compileSnippet
  api=0 type=1 insize=9369 outsize=824 kw=DIRECTIONAL ok=1
Cmd: preprocess
  error: 2 plat 1 at (210): too few parameters in function call
  error: 1 plat 1 at (212): implicit cast from "float4" to "float3"
  insize=7412 outsize=99271 ok=0
Cmd: preprocess
  insize=4753 outsize=914 ok=1
Cmd: compileSnippet
  api=0 type=0 insize=8858 outsize=7878 kw=DIRECTIONAL SHADOWS_OFF LIGHTMAP_OFF DIRLIGHTMAP_OFF ok=1
Cmd: compileSnippet
  api=0 type=1 insize=8858 outsize=872 kw=DIRECTIONAL SHADOWS_OFF LIGHTMAP_OFF DIRLIGHTMAP_OFF ok=1
Cmd: compileSnippet
  api=0 type=0 insize=6701 outsize=7691 kw=POINT ok=1
Cmd: compileSnippet
  api=0 type=1 insize=6701 outsize=1001 kw=POINT ok=1
Cmd: compileSnippet
  api=0 type=0 insize=8858 outsize=8489 kw=DIRECTIONAL SHADOWS_OFF LIGHTMAP_OFF DIRLIGHTMAP_OFF VERTEXLIGHT_ON ok=1
Cmd: compileSnippet
  api=0 type=0 insize=6701 outsize=7463 kw=DIRECTIONAL ok=1
Cmd: compileSnippet
  api=0 type=1 insize=6701 outsize=824 kw=DIRECTIONAL ok=1
Cmd: preprocess
  insize=4753 outsize=915 ok=1
Cmd: preprocess
  insize=4855 outsize=978 ok=1
Cmd: preprocess
  insize=4869 outsize=914 ok=1
Cmd: compileSnippet
  api=0 type=0 insize=8974 outsize=7878 kw=DIRECTIONAL SHADOWS_OFF LIGHTMAP_OFF DIRLIGHTMAP_OFF ok=1
Cmd: compileSnippet
  api=0 type=1 insize=8974 outsize=872 kw=DIRECTIONAL SHADOWS_OFF LIGHTMAP_OFF DIRLIGHTMAP_OFF ok=1
Cmd: compileSnippet
  api=0 type=0 insize=6817 outsize=7691 kw=POINT ok=1
Cmd: compileSnippet
  api=0 type=1 insize=6817 outsize=1001 kw=POINT ok=1
Cmd: compileSnippet
  api=0 type=0 insize=8974 outsize=8489 kw=DIRECTIONAL SHADOWS_OFF LIGHTMAP_OFF DIRLIGHTMAP_OFF VERTEXLIGHT_ON ok=1
Cmd: preprocess
  insize=4854 outsize=979 ok=1
Cmd: preprocess
  insize=4854 outsize=976 ok=1
Cmd: preprocess
  insize=4854 outsize=978 ok=1
